<?xml version="1.0" encoding="UTF-8"?><testsuite errors="1" failures="0" name="Utest User Registration" skipped="0" tests="1" time="0.42" timestamp="2021-12-04 12:06:21"><testcase name="Register on Utest"><error message="Arity mismatch: Step Definition 'co.com.choucair.certification.RegisterUtest.stepdefinitions.ChoucairRegisterUtestStepDefinitions.theUtestComWebsiteWeLookForTheJoinTodayRegistration(UtestChoucairData&gt;) in file:/C:/Users/cmmarting/IdeaProjects/co.com.choucair.certification.RegisterUtest/build/classes/java/test/' with pattern [^the Utest website we look for the Join Today registration$] is declared with 1 parameters. However, the gherkin step has 0 arguments []. &#10;Step text: the Utest website we look for the Join Today registration" type="cucumber.runtime.CucumberException">Arity mismatch: Step Definition 'co.com.choucair.certification.RegisterUtest.stepdefinitions.ChoucairRegisterUtestStepDefinitions.theUtestComWebsiteWeLookForTheJoinTodayRegistration(UtestChoucairData&gt;) in file:/C:/Users/cmmarting/IdeaProjects/co.com.choucair.certification.RegisterUtest/build/classes/java/test/' with pattern [^the Utest website we look for the Join Today registration$] is declared with 1 parameters. However, the gherkin step has 0 arguments []. 
Step text: the Utest website we look for the Join Today registration</error><system-err>Arity mismatch: Step Definition 'co.com.choucair.certification.RegisterUtest.stepdefinitions.ChoucairRegisterUtestStepDefinitions.theUtestComWebsiteWeLookForTheJoinTodayRegistration(UtestChoucairData&gt;) in file:/C:/Users/cmmarting/IdeaProjects/co.com.choucair.certification.RegisterUtest/build/classes/java/test/' with pattern [^the Utest website we look for the Join Today registration$] is declared with 1 parameters. However, the gherkin step has 0 arguments []. 
Step text: the Utest website we look for the Join Today registration&#13;
cucumber.runner.Runner.runPickle(Runner.java:80)&#13;
</system-err></testcase></testsuite>